The target system is: Android - 1 - armv7-a
The host system is: Darwin - 19.5.0 - x86_64
Determining if the C compiler works passed with the following output:
Change Dir: /Users/wenen_dev/Documents/Klooni1010/android/.externalNativeBuild/cmake/release/armeabi-v7a/CMakeFiles/CMakeTmp

Run Build Command:"/Volumes/SDK/Android/sdk/cmake/3.6.4111459/bin/ninja" "cmTC_ec6f9"
[1/2] Building C object CMakeFiles/cmTC_ec6f9.dir/testCCompiler.c.o
[2/2] Linking C executable cmTC_ec6f9


Detecting C compiler ABI info compiled with the following output:
Change Dir: /Users/wenen_dev/Documents/Klooni1010/android/.externalNativeBuild/cmake/release/armeabi-v7a/CMakeFiles/CMakeTmp

Run Build Command:"/Volumes/SDK/Android/sdk/cmake/3.6.4111459/bin/ninja" "cmTC_79bb3"
[1/2] Building C object CMakeFiles/cmTC_79bb3.dir/CMakeCCompilerABI.c.o
[2/2] Linking C executable cmTC_79bb3
Android (6454773 based on r365631c2) clang version 9.0.8 (https://android.googlesource.com/toolchain/llvm-project 98c855489587874b2a325e7a516b99d838599c6f) (based on LLVM 9.0.8svn)
Target: armv7-none-linux-android21
Thread model: posix
InstalledDir: /Volumes/SDK/Android/sdk/ndk-bundle/toolchains/llvm/prebuilt/darwin-x86_64/bin
Found candidate GCC installation: /Volumes/SDK/Android/sdk/ndk-bundle/toolchains/llvm/prebuilt/darwin-x86_64/lib/gcc/arm-linux-androideabi/4.9.x
Selected GCC installation: /Volumes/SDK/Android/sdk/ndk-bundle/toolchains/llvm/prebuilt/darwin-x86_64/lib/gcc/arm-linux-androideabi/4.9.x
Candidate multilib: thumb;@mthumb
Candidate multilib: armv7-a;@march=armv7-a
Candidate multilib: armv7-a/thumb;@march=armv7-a@mthumb
Candidate multilib: .;
Selected multilib: armv7-a/thumb;@march=armv7-a@mthumb
 "/Volumes/SDK/Android/sdk/ndk-bundle/toolchains/llvm/prebuilt/darwin-x86_64/lib/gcc/arm-linux-androideabi/4.9.x/../../../../arm-linux-androideabi/bin/ld" --sysroot=/Volumes/SDK/Android/sdk/ndk-bundle/toolchains/llvm/prebuilt/darwin-x86_64/sysroot -pie -z noexecstack -EL --warn-shared-textrel -z now -z relro -X --hash-style=both --enable-new-dtags --eh-frame-hdr -m armelf_linux_eabi -dynamic-linker /system/bin/linker -o cmTC_79bb3 /Volumes/SDK/Android/sdk/ndk-bundle/toolchains/llvm/prebuilt/darwin-x86_64/sysroot/usr/lib/arm-linux-androideabi/21/crtbegin_dynamic.o -L/Volumes/SDK/Android/sdk/ndk-bundle/toolchains/llvm/prebuilt/darwin-x86_64/lib64/clang/9.0.8/lib/linux/arm -L/Volumes/SDK/Android/sdk/ndk-bundle/toolchains/llvm/prebuilt/darwin-x86_64/lib/gcc/arm-linux-androideabi/4.9.x/armv7-a/thumb -L/Volumes/SDK/Android/sdk/ndk-bundle/toolchains/llvm/prebuilt/darwin-x86_64/lib/gcc/arm-linux-androideabi/4.9.x/../../../../arm-linux-androideabi/lib/../lib/armv7-a/thumb -L/Volumes/SDK/Android/sdk/ndk-bundle/toolchains/llvm/prebuilt/darwin-x86_64/sysroot/usr/lib/arm-linux-androideabi/21 -L/Volumes/SDK/Android/sdk/ndk-bundle/toolchains/llvm/prebuilt/darwin-x86_64/sysroot/usr/lib/arm-linux-androideabi -L/Volumes/SDK/Android/sdk/ndk-bundle/toolchains/llvm/prebuilt/darwin-x86_64/sysroot/usr/lib/../lib -L/Volumes/SDK/Android/sdk/ndk-bundle/toolchains/llvm/prebuilt/darwin-x86_64/sysroot/usr/lib/arm-linux-androideabi/../../lib -L/Volumes/SDK/Android/sdk/ndk-bundle/toolchains/llvm/prebuilt/darwin-x86_64/lib/gcc/arm-linux-androideabi/4.9.x/../../../../arm-linux-androideabi/lib/armv7-a/thumb -L/Volumes/SDK/Android/sdk/ndk-bundle/toolchains/llvm/prebuilt/darwin-x86_64/sysroot/usr/lib --exclude-libs libgcc.a --exclude-libs libgcc_real.a --exclude-libs libatomic.a --build-id --fatal-warnings --exclude-libs libunwind.a --no-undefined --gc-sections CMakeFiles/cmTC_79bb3.dir/CMakeCCompilerABI.c.o -lgcc -ldl -lc -lgcc -ldl /Volumes/SDK/Android/sdk/ndk-bundle/toolchains/llvm/prebuilt/darwin-x86_64/sysroot/usr/lib/arm-linux-androideabi/21/crtend_android.o


Parsed C implicit link information from above output:
  link line regex: [^( *|.*[/\])(arm-linux-androideabi-ld|([^/\]+-)?ld|collect2)[^/\]*( |$)]
  ignore line: [Change Dir: /Users/wenen_dev/Documents/Klooni1010/android/.externalNativeBuild/cmake/release/armeabi-v7a/CMakeFiles/CMakeTmp]
  ignore line: []
  ignore line: [Run Build Command:"/Volumes/SDK/Android/sdk/cmake/3.6.4111459/bin/ninja" "cmTC_79bb3"]
  ignore line: [[1/2] Building C object CMakeFiles/cmTC_79bb3.dir/CMakeCCompilerABI.c.o]
  ignore line: [[2/2] Linking C executable cmTC_79bb3]
  ignore line: [Android (6454773 based on r365631c2) clang version 9.0.8 (https://android.googlesource.com/toolchain/llvm-project 98c855489587874b2a325e7a516b99d838599c6f) (based on LLVM 9.0.8svn)]
  ignore line: [Target: armv7-none-linux-android21]
  ignore line: [Thread model: posix]
  ignore line: [InstalledDir: /Volumes/SDK/Android/sdk/ndk-bundle/toolchains/llvm/prebuilt/darwin-x86_64/bin]
  ignore line: [Found candidate GCC installation: /Volumes/SDK/Android/sdk/ndk-bundle/toolchains/llvm/prebuilt/darwin-x86_64/lib/gcc/arm-linux-androideabi/4.9.x]
  ignore line: [Selected GCC installation: /Volumes/SDK/Android/sdk/ndk-bundle/toolchains/llvm/prebuilt/darwin-x86_64/lib/gcc/arm-linux-androideabi/4.9.x]
  ignore line: [Candidate multilib: thumb]
  ignore line: [@mthumb]
  ignore line: [Candidate multilib: armv7-a]
  ignore line: [@march=armv7-a]
  ignore line: [Candidate multilib: armv7-a/thumb]
  ignore line: [@march=armv7-a@mthumb]
  ignore line: [Candidate multilib: .]
  ignore line: []
  ignore line: [Selected multilib: armv7-a/thumb]
  ignore line: [@march=armv7-a@mthumb]
  link line: [ "/Volumes/SDK/Android/sdk/ndk-bundle/toolchains/llvm/prebuilt/darwin-x86_64/lib/gcc/arm-linux-androideabi/4.9.x/../../../../arm-linux-androideabi/bin/ld" --sysroot=/Volumes/SDK/Android/sdk/ndk-bundle/toolchains/llvm/prebuilt/darwin-x86_64/sysroot -pie -z noexecstack -EL --warn-shared-textrel -z now -z relro -X --hash-style=both --enable-new-dtags --eh-frame-hdr -m armelf_linux_eabi -dynamic-linker /system/bin/linker -o cmTC_79bb3 /Volumes/SDK/Android/sdk/ndk-bundle/toolchains/llvm/prebuilt/darwin-x86_64/sysroot/usr/lib/arm-linux-androideabi/21/crtbegin_dynamic.o -L/Volumes/SDK/Android/sdk/ndk-bundle/toolchains/llvm/prebuilt/darwin-x86_64/lib64/clang/9.0.8/lib/linux/arm -L/Volumes/SDK/Android/sdk/ndk-bundle/toolchains/llvm/prebuilt/darwin-x86_64/lib/gcc/arm-linux-androideabi/4.9.x/armv7-a/thumb -L/Volumes/SDK/Android/sdk/ndk-bundle/toolchains/llvm/prebuilt/darwin-x86_64/lib/gcc/arm-linux-androideabi/4.9.x/../../../../arm-linux-androideabi/lib/../lib/armv7-a/thumb -L/Volumes/SDK/Android/sdk/ndk-bundle/toolchains/llvm/prebuilt/darwin-x86_64/sysroot/usr/lib/arm-linux-androideabi/21 -L/Volumes/SDK/Android/sdk/ndk-bundle/toolchains/llvm/prebuilt/darwin-x86_64/sysroot/usr/lib/arm-linux-androideabi -L/Volumes/SDK/Android/sdk/ndk-bundle/toolchains/llvm/prebuilt/darwin-x86_64/sysroot/usr/lib/../lib -L/Volumes/SDK/Android/sdk/ndk-bundle/toolchains/llvm/prebuilt/darwin-x86_64/sysroot/usr/lib/arm-linux-androideabi/../../lib -L/Volumes/SDK/Android/sdk/ndk-bundle/toolchains/llvm/prebuilt/darwin-x86_64/lib/gcc/arm-linux-androideabi/4.9.x/../../../../arm-linux-androideabi/lib/armv7-a/thumb -L/Volumes/SDK/Android/sdk/ndk-bundle/toolchains/llvm/prebuilt/darwin-x86_64/sysroot/usr/lib --exclude-libs libgcc.a --exclude-libs libgcc_real.a --exclude-libs libatomic.a --build-id --fatal-warnings --exclude-libs libunwind.a --no-undefined --gc-sections CMakeFiles/cmTC_79bb3.dir/CMakeCCompilerABI.c.o -lgcc -ldl -lc -lgcc -ldl /Volumes/SDK/Android/sdk/ndk-bundle/toolchains/llvm/prebuilt/darwin-x86_64/sysroot/usr/lib/arm-linux-androideabi/21/crtend_android.o]
    arg [/Volumes/SDK/Android/sdk/ndk-bundle/toolchains/llvm/prebuilt/darwin-x86_64/lib/gcc/arm-linux-androideabi/4.9.x/../../../../arm-linux-androideabi/bin/ld] ==> ignore
    arg [--sysroot=/Volumes/SDK/Android/sdk/ndk-bundle/toolchains/llvm/prebuilt/darwin-x86_64/sysroot] ==> ignore
    arg [-pie] ==> ignore
    arg [-znoexecstack] ==> ignore
    arg [-EL] ==> ignore
    arg [--warn-shared-textrel] ==> ignore
    arg [-znow] ==> ignore
    arg [-zrelro] ==> ignore
    arg [-X] ==> ignore
    arg [--hash-style=both] ==> ignore
    arg [--enable-new-dtags] ==> ignore
    arg [--eh-frame-hdr] ==> ignore
    arg [-m] ==> ignore
    arg [armelf_linux_eabi] ==> ignore
    arg [-dynamic-linker] ==> ignore
    arg [/system/bin/linker] ==> ignore
    arg [-o] ==> ignore
    arg [cmTC_79bb3] ==> ignore
    arg [/Volumes/SDK/Android/sdk/ndk-bundle/toolchains/llvm/prebuilt/darwin-x86_64/sysroot/usr/lib/arm-linux-androideabi/21/crtbegin_dynamic.o] ==> ignore
    arg [-L/Volumes/SDK/Android/sdk/ndk-bundle/toolchains/llvm/prebuilt/darwin-x86_64/lib64/clang/9.0.8/lib/linux/arm] ==> dir [/Volumes/SDK/Android/sdk/ndk-bundle/toolchains/llvm/prebuilt/darwin-x86_64/lib64/clang/9.0.8/lib/linux/arm]
    arg [-L/Volumes/SDK/Android/sdk/ndk-bundle/toolchains/llvm/prebuilt/darwin-x86_64/lib/gcc/arm-linux-androideabi/4.9.x/armv7-a/thumb] ==> dir [/Volumes/SDK/Android/sdk/ndk-bundle/toolchains/llvm/prebuilt/darwin-x86_64/lib/gcc/arm-linux-androideabi/4.9.x/armv7-a/thumb]
    arg [-L/Volumes/SDK/Android/sdk/ndk-bundle/toolchains/llvm/prebuilt/darwin-x86_64/lib/gcc/arm-linux-androideabi/4.9.x/../../../../arm-linux-androideabi/lib/../lib/armv7-a/thumb] ==> dir [/Volumes/SDK/Android/sdk/ndk-bundle/toolchains/llvm/prebuilt/darwin-x86_64/lib/gcc/arm-linux-androideabi/4.9.x/../../../../arm-linux-androideabi/lib/../lib/armv7-a/thumb]
    arg [-L/Volumes/SDK/Android/sdk/ndk-bundle/toolchains/llvm/prebuilt/darwin-x86_64/sysroot/usr/lib/arm-linux-androideabi/21] ==> dir [/Volumes/SDK/Android/sdk/ndk-bundle/toolchains/llvm/prebuilt/darwin-x86_64/sysroot/usr/lib/arm-linux-androideabi/21]
    arg [-L/Volumes/SDK/Android/sdk/ndk-bundle/toolchains/llvm/prebuilt/darwin-x86_64/sysroot/usr/lib/arm-linux-androideabi] ==> dir [/Volumes/SDK/Android/sdk/ndk-bundle/toolchains/llvm/prebuilt/darwin-x86_64/sysroot/usr/lib/arm-linux-androideabi]
    arg [-L/Volumes/SDK/Android/sdk/ndk-bundle/toolchains/llvm/prebuilt/darwin-x86_64/sysroot/usr/lib/../lib] ==> dir [/Volumes/SDK/Android/sdk/ndk-bundle/toolchains/llvm/prebuilt/darwin-x86_64/sysroot/usr/lib/../lib]
    arg [-L/Volumes/SDK/Android/sdk/ndk-bundle/toolchains/llvm/prebuilt/darwin-x86_64/sysroot/usr/lib/arm-linux-androideabi/../../lib] ==> dir [/Volumes/SDK/Android/sdk/ndk-bundle/toolchains/llvm/prebuilt/darwin-x86_64/sysroot/usr/lib/arm-linux-androideabi/../../lib]
    arg [-L/Volumes/SDK/Android/sdk/ndk-bundle/toolchains/llvm/prebuilt/darwin-x86_64/lib/gcc/arm-linux-androideabi/4.9.x/../../../../arm-linux-androideabi/lib/armv7-a/thumb] ==> dir [/Volumes/SDK/Android/sdk/ndk-bundle/toolchains/llvm/prebuilt/darwin-x86_64/lib/gcc/arm-linux-androideabi/4.9.x/../../../../arm-linux-androideabi/lib/armv7-a/thumb]
    arg [-L/Volumes/SDK/Android/sdk/ndk-bundle/toolchains/llvm/prebuilt/darwin-x86_64/sysroot/usr/lib] ==> dir [/Volumes/SDK/Android/sdk/ndk-bundle/toolchains/llvm/prebuilt/darwin-x86_64/sysroot/usr/lib]
    arg [--exclude-libs] ==> ignore
    arg [libgcc.a] ==> ignore
    arg [--exclude-libs] ==> ignore
    arg [libgcc_real.a] ==> ignore
    arg [--exclude-libs] ==> ignore
    arg [libatomic.a] ==> ignore
    arg [--build-id] ==> ignore
    arg [--fatal-warnings] ==> ignore
    arg [--exclude-libs] ==> ignore
    arg [libunwind.a] ==> ignore
    arg [--no-undefined] ==> ignore
    arg [--gc-sections] ==> ignore
    arg [CMakeFiles/cmTC_79bb3.dir/CMakeCCompilerABI.c.o] ==> ignore
    arg [-lgcc] ==> lib [gcc]
    arg [-ldl] ==> lib [dl]
    arg [-lc] ==> lib [c]
    arg [-lgcc] ==> lib [gcc]
    arg [-ldl] ==> lib [dl]
    arg [/Volumes/SDK/Android/sdk/ndk-bundle/toolchains/llvm/prebuilt/darwin-x86_64/sysroot/usr/lib/arm-linux-androideabi/21/crtend_android.o] ==> ignore
  remove lib [gcc]
  remove lib [gcc]
  collapse library dir [/Volumes/SDK/Android/sdk/ndk-bundle/toolchains/llvm/prebuilt/darwin-x86_64/lib64/clang/9.0.8/lib/linux/arm] ==> [/Volumes/SDK/Android/sdk/ndk-bundle/toolchains/llvm/prebuilt/darwin-x86_64/lib64/clang/9.0.8/lib/linux/arm]
  collapse library dir [/Volumes/SDK/Android/sdk/ndk-bundle/toolchains/llvm/prebuilt/darwin-x86_64/lib/gcc/arm-linux-androideabi/4.9.x/armv7-a/thumb] ==> [/Volumes/SDK/Android/sdk/ndk-bundle/toolchains/llvm/prebuilt/darwin-x86_64/lib/gcc/arm-linux-androideabi/4.9.x/armv7-a/thumb]
  collapse library dir [/Volumes/SDK/Android/sdk/ndk-bundle/toolchains/llvm/prebuilt/darwin-x86_64/lib/gcc/arm-linux-androideabi/4.9.x/../../../../arm-linux-androideabi/lib/../lib/armv7-a/thumb] ==> [/Volumes/SDK/Android/sdk/ndk-bundle/toolchains/llvm/prebuilt/darwin-x86_64/arm-linux-androideabi/lib/armv7-a/thumb]
  collapse library dir [/Volumes/SDK/Android/sdk/ndk-bundle/toolchains/llvm/prebuilt/darwin-x86_64/sysroot/usr/lib/arm-linux-androideabi/21] ==> [/Volumes/SDK/Android/sdk/ndk-bundle/toolchains/llvm/prebuilt/darwin-x86_64/sysroot/usr/lib/arm-linux-androideabi/21]
  collapse library dir [/Volumes/SDK/Android/sdk/ndk-bundle/toolchains/llvm/prebuilt/darwin-x86_64/sysroot/usr/lib/arm-linux-androideabi] ==> [/Volumes/SDK/Android/sdk/ndk-bundle/toolchains/llvm/prebuilt/darwin-x86_64/sysroot/usr/lib/arm-linux-androideabi]
  collapse library dir [/Volumes/SDK/Android/sdk/ndk-bundle/toolchains/llvm/prebuilt/darwin-x86_64/sysroot/usr/lib/../lib] ==> [/Volumes/SDK/Android/sdk/ndk-bundle/toolchains/llvm/prebuilt/darwin-x86_64/sysroot/usr/lib]
  collapse library dir [/Volumes/SDK/Android/sdk/ndk-bundle/toolchains/llvm/prebuilt/darwin-x86_64/sysroot/usr/lib/arm-linux-androideabi/../../lib] ==> [/Volumes/SDK/Android/sdk/ndk-bundle/toolchains/llvm/prebuilt/darwin-x86_64/sysroot/usr/lib]
  collapse library dir [/Volumes/SDK/Android/sdk/ndk-bundle/toolchains/llvm/prebuilt/darwin-x86_64/lib/gcc/arm-linux-androideabi/4.9.x/../../../../arm-linux-androideabi/lib/armv7-a/thumb] ==> [/Volumes/SDK/Android/sdk/ndk-bundle/toolchains/llvm/prebuilt/darwin-x86_64/arm-linux-androideabi/lib/armv7-a/thumb]
  collapse library dir [/Volumes/SDK/Android/sdk/ndk-bundle/toolchains/llvm/prebuilt/darwin-x86_64/sysroot/usr/lib] ==> [/Volumes/SDK/Android/sdk/ndk-bundle/toolchains/llvm/prebuilt/darwin-x86_64/sysroot/usr/lib]
  implicit libs: [dl;c;dl]
  implicit dirs: [/Volumes/SDK/Android/sdk/ndk-bundle/toolchains/llvm/prebuilt/darwin-x86_64/lib64/clang/9.0.8/lib/linux/arm;/Volumes/SDK/Android/sdk/ndk-bundle/toolchains/llvm/prebuilt/darwin-x86_64/lib/gcc/arm-linux-androideabi/4.9.x/armv7-a/thumb;/Volumes/SDK/Android/sdk/ndk-bundle/toolchains/llvm/prebuilt/darwin-x86_64/arm-linux-androideabi/lib/armv7-a/thumb;/Volumes/SDK/Android/sdk/ndk-bundle/toolchains/llvm/prebuilt/darwin-x86_64/sysroot/usr/lib/arm-linux-androideabi/21;/Volumes/SDK/Android/sdk/ndk-bundle/toolchains/llvm/prebuilt/darwin-x86_64/sysroot/usr/lib/arm-linux-androideabi;/Volumes/SDK/Android/sdk/ndk-bundle/toolchains/llvm/prebuilt/darwin-x86_64/sysroot/usr/lib]
  implicit fwks: []




Detecting C [-std=c11] compiler features compiled with the following output:
Change Dir: /Users/wenen_dev/Documents/Klooni1010/android/.externalNativeBuild/cmake/release/armeabi-v7a/CMakeFiles/CMakeTmp

Run Build Command:"/Volumes/SDK/Android/sdk/cmake/3.6.4111459/bin/ninja" "cmTC_bdbbe"
[1/2] Building C object CMakeFiles/cmTC_bdbbe.dir/feature_tests.c.o
[2/2] Linking C executable cmTC_bdbbe


    Feature record: C_FEATURE:1c_function_prototypes
    Feature record: C_FEATURE:1c_restrict
    Feature record: C_FEATURE:1c_static_assert
    Feature record: C_FEATURE:1c_variadic_macros


Detecting C [-std=c99] compiler features compiled with the following output:
Change Dir: /Users/wenen_dev/Documents/Klooni1010/android/.externalNativeBuild/cmake/release/armeabi-v7a/CMakeFiles/CMakeTmp

Run Build Command:"/Volumes/SDK/Android/sdk/cmake/3.6.4111459/bin/ninja" "cmTC_ad461"
[1/2] Building C object CMakeFiles/cmTC_ad461.dir/feature_tests.c.o
[2/2] Linking C executable cmTC_ad461


    Feature record: C_FEATURE:1c_function_prototypes
    Feature record: C_FEATURE:1c_restrict
    Feature record: C_FEATURE:0c_static_assert
    Feature record: C_FEATURE:1c_variadic_macros


Detecting C [-std=c90] compiler features compiled with the following output:
Change Dir: /Users/wenen_dev/Documents/Klooni1010/android/.externalNativeBuild/cmake/release/armeabi-v7a/CMakeFiles/CMakeTmp

Run Build Command:"/Volumes/SDK/Android/sdk/cmake/3.6.4111459/bin/ninja" "cmTC_7dc28"
[1/2] Building C object CMakeFiles/cmTC_7dc28.dir/feature_tests.c.o
[2/2] Linking C executable cmTC_7dc28


    Feature record: C_FEATURE:1c_function_prototypes
    Feature record: C_FEATURE:0c_restrict
    Feature record: C_FEATURE:0c_static_assert
    Feature record: C_FEATURE:0c_variadic_macros
Determining if the CXX compiler works passed with the following output:
Change Dir: /Users/wenen_dev/Documents/Klooni1010/android/.externalNativeBuild/cmake/release/armeabi-v7a/CMakeFiles/CMakeTmp

Run Build Command:"/Volumes/SDK/Android/sdk/cmake/3.6.4111459/bin/ninja" "cmTC_f616b"
[1/2] Building CXX object CMakeFiles/cmTC_f616b.dir/testCXXCompiler.cxx.o
[2/2] Linking CXX executable cmTC_f616b


Detecting CXX compiler ABI info compiled with the following output:
Change Dir: /Users/wenen_dev/Documents/Klooni1010/android/.externalNativeBuild/cmake/release/armeabi-v7a/CMakeFiles/CMakeTmp

Run Build Command:"/Volumes/SDK/Android/sdk/cmake/3.6.4111459/bin/ninja" "cmTC_9311b"
[1/2] Building CXX object CMakeFiles/cmTC_9311b.dir/CMakeCXXCompilerABI.cpp.o
[2/2] Linking CXX executable cmTC_9311b
Android (6454773 based on r365631c2) clang version 9.0.8 (https://android.googlesource.com/toolchain/llvm-project 98c855489587874b2a325e7a516b99d838599c6f) (based on LLVM 9.0.8svn)
Target: armv7-none-linux-android21
Thread model: posix
InstalledDir: /Volumes/SDK/Android/sdk/ndk-bundle/toolchains/llvm/prebuilt/darwin-x86_64/bin
Found candidate GCC installation: /Volumes/SDK/Android/sdk/ndk-bundle/toolchains/llvm/prebuilt/darwin-x86_64/lib/gcc/arm-linux-androideabi/4.9.x
Selected GCC installation: /Volumes/SDK/Android/sdk/ndk-bundle/toolchains/llvm/prebuilt/darwin-x86_64/lib/gcc/arm-linux-androideabi/4.9.x
Candidate multilib: thumb;@mthumb
Candidate multilib: armv7-a;@march=armv7-a
Candidate multilib: armv7-a/thumb;@march=armv7-a@mthumb
Candidate multilib: .;
Selected multilib: armv7-a/thumb;@march=armv7-a@mthumb
 "/Volumes/SDK/Android/sdk/ndk-bundle/toolchains/llvm/prebuilt/darwin-x86_64/lib/gcc/arm-linux-androideabi/4.9.x/../../../../arm-linux-androideabi/bin/ld" --sysroot=/Volumes/SDK/Android/sdk/ndk-bundle/toolchains/llvm/prebuilt/darwin-x86_64/sysroot -pie -z noexecstack -EL --warn-shared-textrel -z now -z relro -X --hash-style=both --enable-new-dtags --eh-frame-hdr -m armelf_linux_eabi -dynamic-linker /system/bin/linker -o cmTC_9311b /Volumes/SDK/Android/sdk/ndk-bundle/toolchains/llvm/prebuilt/darwin-x86_64/sysroot/usr/lib/arm-linux-androideabi/21/crtbegin_dynamic.o -L/Volumes/SDK/Android/sdk/ndk-bundle/toolchains/llvm/prebuilt/darwin-x86_64/lib64/clang/9.0.8/lib/linux/arm -L/Volumes/SDK/Android/sdk/ndk-bundle/toolchains/llvm/prebuilt/darwin-x86_64/lib/gcc/arm-linux-androideabi/4.9.x/armv7-a/thumb -L/Volumes/SDK/Android/sdk/ndk-bundle/toolchains/llvm/prebuilt/darwin-x86_64/lib/gcc/arm-linux-androideabi/4.9.x/../../../../arm-linux-androideabi/lib/../lib/armv7-a/thumb -L/Volumes/SDK/Android/sdk/ndk-bundle/toolchains/llvm/prebuilt/darwin-x86_64/sysroot/usr/lib/arm-linux-androideabi/21 -L/Volumes/SDK/Android/sdk/ndk-bundle/toolchains/llvm/prebuilt/darwin-x86_64/sysroot/usr/lib/arm-linux-androideabi -L/Volumes/SDK/Android/sdk/ndk-bundle/toolchains/llvm/prebuilt/darwin-x86_64/sysroot/usr/lib/../lib -L/Volumes/SDK/Android/sdk/ndk-bundle/toolchains/llvm/prebuilt/darwin-x86_64/sysroot/usr/lib/arm-linux-androideabi/../../lib -L/Volumes/SDK/Android/sdk/ndk-bundle/toolchains/llvm/prebuilt/darwin-x86_64/lib/gcc/arm-linux-androideabi/4.9.x/../../../../arm-linux-androideabi/lib/armv7-a/thumb -L/Volumes/SDK/Android/sdk/ndk-bundle/toolchains/llvm/prebuilt/darwin-x86_64/sysroot/usr/lib --exclude-libs libgcc.a --exclude-libs libgcc_real.a --exclude-libs libatomic.a --build-id --fatal-warnings --exclude-libs libunwind.a --no-undefined --gc-sections CMakeFiles/cmTC_9311b.dir/CMakeCXXCompilerABI.cpp.o -Bstatic -lc++ -Bdynamic -lm -lgcc -ldl -lc -lgcc -ldl /Volumes/SDK/Android/sdk/ndk-bundle/toolchains/llvm/prebuilt/darwin-x86_64/sysroot/usr/lib/arm-linux-androideabi/21/crtend_android.o


Parsed CXX implicit link information from above output:
  link line regex: [^( *|.*[/\])(arm-linux-androideabi-ld|([^/\]+-)?ld|collect2)[^/\]*( |$)]
  ignore line: [Change Dir: /Users/wenen_dev/Documents/Klooni1010/android/.externalNativeBuild/cmake/release/armeabi-v7a/CMakeFiles/CMakeTmp]
  ignore line: []
  ignore line: [Run Build Command:"/Volumes/SDK/Android/sdk/cmake/3.6.4111459/bin/ninja" "cmTC_9311b"]
  ignore line: [[1/2] Building CXX object CMakeFiles/cmTC_9311b.dir/CMakeCXXCompilerABI.cpp.o]
  ignore line: [[2/2] Linking CXX executable cmTC_9311b]
  ignore line: [Android (6454773 based on r365631c2) clang version 9.0.8 (https://android.googlesource.com/toolchain/llvm-project 98c855489587874b2a325e7a516b99d838599c6f) (based on LLVM 9.0.8svn)]
  ignore line: [Target: armv7-none-linux-android21]
  ignore line: [Thread model: posix]
  ignore line: [InstalledDir: /Volumes/SDK/Android/sdk/ndk-bundle/toolchains/llvm/prebuilt/darwin-x86_64/bin]
  ignore line: [Found candidate GCC installation: /Volumes/SDK/Android/sdk/ndk-bundle/toolchains/llvm/prebuilt/darwin-x86_64/lib/gcc/arm-linux-androideabi/4.9.x]
  ignore line: [Selected GCC installation: /Volumes/SDK/Android/sdk/ndk-bundle/toolchains/llvm/prebuilt/darwin-x86_64/lib/gcc/arm-linux-androideabi/4.9.x]
  ignore line: [Candidate multilib: thumb]
  ignore line: [@mthumb]
  ignore line: [Candidate multilib: armv7-a]
  ignore line: [@march=armv7-a]
  ignore line: [Candidate multilib: armv7-a/thumb]
  ignore line: [@march=armv7-a@mthumb]
  ignore line: [Candidate multilib: .]
  ignore line: []
  ignore line: [Selected multilib: armv7-a/thumb]
  ignore line: [@march=armv7-a@mthumb]
  link line: [ "/Volumes/SDK/Android/sdk/ndk-bundle/toolchains/llvm/prebuilt/darwin-x86_64/lib/gcc/arm-linux-androideabi/4.9.x/../../../../arm-linux-androideabi/bin/ld" --sysroot=/Volumes/SDK/Android/sdk/ndk-bundle/toolchains/llvm/prebuilt/darwin-x86_64/sysroot -pie -z noexecstack -EL --warn-shared-textrel -z now -z relro -X --hash-style=both --enable-new-dtags --eh-frame-hdr -m armelf_linux_eabi -dynamic-linker /system/bin/linker -o cmTC_9311b /Volumes/SDK/Android/sdk/ndk-bundle/toolchains/llvm/prebuilt/darwin-x86_64/sysroot/usr/lib/arm-linux-androideabi/21/crtbegin_dynamic.o -L/Volumes/SDK/Android/sdk/ndk-bundle/toolchains/llvm/prebuilt/darwin-x86_64/lib64/clang/9.0.8/lib/linux/arm -L/Volumes/SDK/Android/sdk/ndk-bundle/toolchains/llvm/prebuilt/darwin-x86_64/lib/gcc/arm-linux-androideabi/4.9.x/armv7-a/thumb -L/Volumes/SDK/Android/sdk/ndk-bundle/toolchains/llvm/prebuilt/darwin-x86_64/lib/gcc/arm-linux-androideabi/4.9.x/../../../../arm-linux-androideabi/lib/../lib/armv7-a/thumb -L/Volumes/SDK/Android/sdk/ndk-bundle/toolchains/llvm/prebuilt/darwin-x86_64/sysroot/usr/lib/arm-linux-androideabi/21 -L/Volumes/SDK/Android/sdk/ndk-bundle/toolchains/llvm/prebuilt/darwin-x86_64/sysroot/usr/lib/arm-linux-androideabi -L/Volumes/SDK/Android/sdk/ndk-bundle/toolchains/llvm/prebuilt/darwin-x86_64/sysroot/usr/lib/../lib -L/Volumes/SDK/Android/sdk/ndk-bundle/toolchains/llvm/prebuilt/darwin-x86_64/sysroot/usr/lib/arm-linux-androideabi/../../lib -L/Volumes/SDK/Android/sdk/ndk-bundle/toolchains/llvm/prebuilt/darwin-x86_64/lib/gcc/arm-linux-androideabi/4.9.x/../../../../arm-linux-androideabi/lib/armv7-a/thumb -L/Volumes/SDK/Android/sdk/ndk-bundle/toolchains/llvm/prebuilt/darwin-x86_64/sysroot/usr/lib --exclude-libs libgcc.a --exclude-libs libgcc_real.a --exclude-libs libatomic.a --build-id --fatal-warnings --exclude-libs libunwind.a --no-undefined --gc-sections CMakeFiles/cmTC_9311b.dir/CMakeCXXCompilerABI.cpp.o -Bstatic -lc++ -Bdynamic -lm -lgcc -ldl -lc -lgcc -ldl /Volumes/SDK/Android/sdk/ndk-bundle/toolchains/llvm/prebuilt/darwin-x86_64/sysroot/usr/lib/arm-linux-androideabi/21/crtend_android.o]
    arg [/Volumes/SDK/Android/sdk/ndk-bundle/toolchains/llvm/prebuilt/darwin-x86_64/lib/gcc/arm-linux-androideabi/4.9.x/../../../../arm-linux-androideabi/bin/ld] ==> ignore
    arg [--sysroot=/Volumes/SDK/Android/sdk/ndk-bundle/toolchains/llvm/prebuilt/darwin-x86_64/sysroot] ==> ignore
    arg [-pie] ==> ignore
    arg [-znoexecstack] ==> ignore
    arg [-EL] ==> ignore
    arg [--warn-shared-textrel] ==> ignore
    arg [-znow] ==> ignore
    arg [-zrelro] ==> ignore
    arg [-X] ==> ignore
    arg [--hash-style=both] ==> ignore
    arg [--enable-new-dtags] ==> ignore
    arg [--eh-frame-hdr] ==> ignore
    arg [-m] ==> ignore
    arg [armelf_linux_eabi] ==> ignore
    arg [-dynamic-linker] ==> ignore
    arg [/system/bin/linker] ==> ignore
    arg [-o] ==> ignore
    arg [cmTC_9311b] ==> ignore
    arg [/Volumes/SDK/Android/sdk/ndk-bundle/toolchains/llvm/prebuilt/darwin-x86_64/sysroot/usr/lib/arm-linux-androideabi/21/crtbegin_dynamic.o] ==> ignore
    arg [-L/Volumes/SDK/Android/sdk/ndk-bundle/toolchains/llvm/prebuilt/darwin-x86_64/lib64/clang/9.0.8/lib/linux/arm] ==> dir [/Volumes/SDK/Android/sdk/ndk-bundle/toolchains/llvm/prebuilt/darwin-x86_64/lib64/clang/9.0.8/lib/linux/arm]
    arg [-L/Volumes/SDK/Android/sdk/ndk-bundle/toolchains/llvm/prebuilt/darwin-x86_64/lib/gcc/arm-linux-androideabi/4.9.x/armv7-a/thumb] ==> dir [/Volumes/SDK/Android/sdk/ndk-bundle/toolchains/llvm/prebuilt/darwin-x86_64/lib/gcc/arm-linux-androideabi/4.9.x/armv7-a/thumb]
    arg [-L/Volumes/SDK/Android/sdk/ndk-bundle/toolchains/llvm/prebuilt/darwin-x86_64/lib/gcc/arm-linux-androideabi/4.9.x/../../../../arm-linux-androideabi/lib/../lib/armv7-a/thumb] ==> dir [/Volumes/SDK/Android/sdk/ndk-bundle/toolchains/llvm/prebuilt/darwin-x86_64/lib/gcc/arm-linux-androideabi/4.9.x/../../../../arm-linux-androideabi/lib/../lib/armv7-a/thumb]
    arg [-L/Volumes/SDK/Android/sdk/ndk-bundle/toolchains/llvm/prebuilt/darwin-x86_64/sysroot/usr/lib/arm-linux-androideabi/21] ==> dir [/Volumes/SDK/Android/sdk/ndk-bundle/toolchains/llvm/prebuilt/darwin-x86_64/sysroot/usr/lib/arm-linux-androideabi/21]
    arg [-L/Volumes/SDK/Android/sdk/ndk-bundle/toolchains/llvm/prebuilt/darwin-x86_64/sysroot/usr/lib/arm-linux-androideabi] ==> dir [/Volumes/SDK/Android/sdk/ndk-bundle/toolchains/llvm/prebuilt/darwin-x86_64/sysroot/usr/lib/arm-linux-androideabi]
    arg [-L/Volumes/SDK/Android/sdk/ndk-bundle/toolchains/llvm/prebuilt/darwin-x86_64/sysroot/usr/lib/../lib] ==> dir [/Volumes/SDK/Android/sdk/ndk-bundle/toolchains/llvm/prebuilt/darwin-x86_64/sysroot/usr/lib/../lib]
    arg [-L/Volumes/SDK/Android/sdk/ndk-bundle/toolchains/llvm/prebuilt/darwin-x86_64/sysroot/usr/lib/arm-linux-androideabi/../../lib] ==> dir [/Volumes/SDK/Android/sdk/ndk-bundle/toolchains/llvm/prebuilt/darwin-x86_64/sysroot/usr/lib/arm-linux-androideabi/../../lib]
    arg [-L/Volumes/SDK/Android/sdk/ndk-bundle/toolchains/llvm/prebuilt/darwin-x86_64/lib/gcc/arm-linux-androideabi/4.9.x/../../../../arm-linux-androideabi/lib/armv7-a/thumb] ==> dir [/Volumes/SDK/Android/sdk/ndk-bundle/toolchains/llvm/prebuilt/darwin-x86_64/lib/gcc/arm-linux-androideabi/4.9.x/../../../../arm-linux-androideabi/lib/armv7-a/thumb]
    arg [-L/Volumes/SDK/Android/sdk/ndk-bundle/toolchains/llvm/prebuilt/darwin-x86_64/sysroot/usr/lib] ==> dir [/Volumes/SDK/Android/sdk/ndk-bundle/toolchains/llvm/prebuilt/darwin-x86_64/sysroot/usr/lib]
    arg [--exclude-libs] ==> ignore
    arg [libgcc.a] ==> ignore
    arg [--exclude-libs] ==> ignore
    arg [libgcc_real.a] ==> ignore
    arg [--exclude-libs] ==> ignore
    arg [libatomic.a] ==> ignore
    arg [--build-id] ==> ignore
    arg [--fatal-warnings] ==> ignore
    arg [--exclude-libs] ==> ignore
    arg [libunwind.a] ==> ignore
    arg [--no-undefined] ==> ignore
    arg [--gc-sections] ==> ignore
    arg [CMakeFiles/cmTC_9311b.dir/CMakeCXXCompilerABI.cpp.o] ==> ignore
    arg [-Bstatic] ==> ignore
    arg [-lc++] ==> lib [c++]
    arg [-Bdynamic] ==> ignore
    arg [-lm] ==> lib [m]
    arg [-lgcc] ==> lib [gcc]
    arg [-ldl] ==> lib [dl]
    arg [-lc] ==> lib [c]
    arg [-lgcc] ==> lib [gcc]
    arg [-ldl] ==> lib [dl]
    arg [/Volumes/SDK/Android/sdk/ndk-bundle/toolchains/llvm/prebuilt/darwin-x86_64/sysroot/usr/lib/arm-linux-androideabi/21/crtend_android.o] ==> ignore
  remove lib [gcc]
  remove lib [gcc]
  collapse library dir [/Volumes/SDK/Android/sdk/ndk-bundle/toolchains/llvm/prebuilt/darwin-x86_64/lib64/clang/9.0.8/lib/linux/arm] ==> [/Volumes/SDK/Android/sdk/ndk-bundle/toolchains/llvm/prebuilt/darwin-x86_64/lib64/clang/9.0.8/lib/linux/arm]
  collapse library dir [/Volumes/SDK/Android/sdk/ndk-bundle/toolchains/llvm/prebuilt/darwin-x86_64/lib/gcc/arm-linux-androideabi/4.9.x/armv7-a/thumb] ==> [/Volumes/SDK/Android/sdk/ndk-bundle/toolchains/llvm/prebuilt/darwin-x86_64/lib/gcc/arm-linux-androideabi/4.9.x/armv7-a/thumb]
  collapse library dir [/Volumes/SDK/Android/sdk/ndk-bundle/toolchains/llvm/prebuilt/darwin-x86_64/lib/gcc/arm-linux-androideabi/4.9.x/../../../../arm-linux-androideabi/lib/../lib/armv7-a/thumb] ==> [/Volumes/SDK/Android/sdk/ndk-bundle/toolchains/llvm/prebuilt/darwin-x86_64/arm-linux-androideabi/lib/armv7-a/thumb]
  collapse library dir [/Volumes/SDK/Android/sdk/ndk-bundle/toolchains/llvm/prebuilt/darwin-x86_64/sysroot/usr/lib/arm-linux-androideabi/21] ==> [/Volumes/SDK/Android/sdk/ndk-bundle/toolchains/llvm/prebuilt/darwin-x86_64/sysroot/usr/lib/arm-linux-androideabi/21]
  collapse library dir [/Volumes/SDK/Android/sdk/ndk-bundle/toolchains/llvm/prebuilt/darwin-x86_64/sysroot/usr/lib/arm-linux-androideabi] ==> [/Volumes/SDK/Android/sdk/ndk-bundle/toolchains/llvm/prebuilt/darwin-x86_64/sysroot/usr/lib/arm-linux-androideabi]
  collapse library dir [/Volumes/SDK/Android/sdk/ndk-bundle/toolchains/llvm/prebuilt/darwin-x86_64/sysroot/usr/lib/../lib] ==> [/Volumes/SDK/Android/sdk/ndk-bundle/toolchains/llvm/prebuilt/darwin-x86_64/sysroot/usr/lib]
  collapse library dir [/Volumes/SDK/Android/sdk/ndk-bundle/toolchains/llvm/prebuilt/darwin-x86_64/sysroot/usr/lib/arm-linux-androideabi/../../lib] ==> [/Volumes/SDK/Android/sdk/ndk-bundle/toolchains/llvm/prebuilt/darwin-x86_64/sysroot/usr/lib]
  collapse library dir [/Volumes/SDK/Android/sdk/ndk-bundle/toolchains/llvm/prebuilt/darwin-x86_64/lib/gcc/arm-linux-androideabi/4.9.x/../../../../arm-linux-androideabi/lib/armv7-a/thumb] ==> [/Volumes/SDK/Android/sdk/ndk-bundle/toolchains/llvm/prebuilt/darwin-x86_64/arm-linux-androideabi/lib/armv7-a/thumb]
  collapse library dir [/Volumes/SDK/Android/sdk/ndk-bundle/toolchains/llvm/prebuilt/darwin-x86_64/sysroot/usr/lib] ==> [/Volumes/SDK/Android/sdk/ndk-bundle/toolchains/llvm/prebuilt/darwin-x86_64/sysroot/usr/lib]
  implicit libs: [c++;m;dl;c;dl]
  implicit dirs: [/Volumes/SDK/Android/sdk/ndk-bundle/toolchains/llvm/prebuilt/darwin-x86_64/lib64/clang/9.0.8/lib/linux/arm;/Volumes/SDK/Android/sdk/ndk-bundle/toolchains/llvm/prebuilt/darwin-x86_64/lib/gcc/arm-linux-androideabi/4.9.x/armv7-a/thumb;/Volumes/SDK/Android/sdk/ndk-bundle/toolchains/llvm/prebuilt/darwin-x86_64/arm-linux-androideabi/lib/armv7-a/thumb;/Volumes/SDK/Android/sdk/ndk-bundle/toolchains/llvm/prebuilt/darwin-x86_64/sysroot/usr/lib/arm-linux-androideabi/21;/Volumes/SDK/Android/sdk/ndk-bundle/toolchains/llvm/prebuilt/darwin-x86_64/sysroot/usr/lib/arm-linux-androideabi;/Volumes/SDK/Android/sdk/ndk-bundle/toolchains/llvm/prebuilt/darwin-x86_64/sysroot/usr/lib]
  implicit fwks: []




Detecting CXX [-std=c++14] compiler features compiled with the following output:
Change Dir: /Users/wenen_dev/Documents/Klooni1010/android/.externalNativeBuild/cmake/release/armeabi-v7a/CMakeFiles/CMakeTmp

Run Build Command:"/Volumes/SDK/Android/sdk/cmake/3.6.4111459/bin/ninja" "cmTC_84667"
[1/2] Building CXX object CMakeFiles/cmTC_84667.dir/feature_tests.cxx.o
[2/2] Linking CXX executable cmTC_84667


    Feature record: CXX_FEATURE:1cxx_aggregate_default_initializers
    Feature record: CXX_FEATURE:1cxx_alias_templates
    Feature record: CXX_FEATURE:1cxx_alignas
    Feature record: CXX_FEATURE:1cxx_alignof
    Feature record: CXX_FEATURE:1cxx_attributes
    Feature record: CXX_FEATURE:1cxx_attribute_deprecated
    Feature record: CXX_FEATURE:1cxx_auto_type
    Feature record: CXX_FEATURE:1cxx_binary_literals
    Feature record: CXX_FEATURE:1cxx_constexpr
    Feature record: CXX_FEATURE:1cxx_contextual_conversions
    Feature record: CXX_FEATURE:1cxx_decltype
    Feature record: CXX_FEATURE:1cxx_decltype_auto
    Feature record: CXX_FEATURE:1cxx_decltype_incomplete_return_types
    Feature record: CXX_FEATURE:1cxx_default_function_template_args
    Feature record: CXX_FEATURE:1cxx_defaulted_functions
    Feature record: CXX_FEATURE:1cxx_defaulted_move_initializers
    Feature record: CXX_FEATURE:1cxx_delegating_constructors
    Feature record: CXX_FEATURE:1cxx_deleted_functions
    Feature record: CXX_FEATURE:1cxx_digit_separators
    Feature record: CXX_FEATURE:1cxx_enum_forward_declarations
    Feature record: CXX_FEATURE:1cxx_explicit_conversions
    Feature record: CXX_FEATURE:1cxx_extended_friend_declarations
    Feature record: CXX_FEATURE:1cxx_extern_templates
    Feature record: CXX_FEATURE:1cxx_final
    Feature record: CXX_FEATURE:1cxx_func_identifier
    Feature record: CXX_FEATURE:1cxx_generalized_initializers
    Feature record: CXX_FEATURE:1cxx_generic_lambdas
    Feature record: CXX_FEATURE:1cxx_inheriting_constructors
    Feature record: CXX_FEATURE:1cxx_inline_namespaces
    Feature record: CXX_FEATURE:1cxx_lambdas
    Feature record: CXX_FEATURE:1cxx_lambda_init_captures
    Feature record: CXX_FEATURE:1cxx_local_type_template_args
    Feature record: CXX_FEATURE:1cxx_long_long_type
    Feature record: CXX_FEATURE:1cxx_noexcept
    Feature record: CXX_FEATURE:1cxx_nonstatic_member_init
    Feature record: CXX_FEATURE:1cxx_nullptr
    Feature record: CXX_FEATURE:1cxx_override
    Feature record: CXX_FEATURE:1cxx_range_for
    Feature record: CXX_FEATURE:1cxx_raw_string_literals
    Feature record: CXX_FEATURE:1cxx_reference_qualified_functions
    Feature record: CXX_FEATURE:1cxx_relaxed_constexpr
    Feature record: CXX_FEATURE:1cxx_return_type_deduction
    Feature record: CXX_FEATURE:1cxx_right_angle_brackets
    Feature record: CXX_FEATURE:1cxx_rvalue_references
    Feature record: CXX_FEATURE:1cxx_sizeof_member
    Feature record: CXX_FEATURE:1cxx_static_assert
    Feature record: CXX_FEATURE:1cxx_strong_enums
    Feature record: CXX_FEATURE:1cxx_template_template_parameters
    Feature record: CXX_FEATURE:1cxx_thread_local
    Feature record: CXX_FEATURE:1cxx_trailing_return_types
    Feature record: CXX_FEATURE:1cxx_unicode_literals
    Feature record: CXX_FEATURE:1cxx_uniform_initialization
    Feature record: CXX_FEATURE:1cxx_unrestricted_unions
    Feature record: CXX_FEATURE:1cxx_user_literals
    Feature record: CXX_FEATURE:1cxx_variable_templates
    Feature record: CXX_FEATURE:1cxx_variadic_macros
    Feature record: CXX_FEATURE:1cxx_variadic_templates


Detecting CXX [-std=c++11] compiler features compiled with the following output:
Change Dir: /Users/wenen_dev/Documents/Klooni1010/android/.externalNativeBuild/cmake/release/armeabi-v7a/CMakeFiles/CMakeTmp

Run Build Command:"/Volumes/SDK/Android/sdk/cmake/3.6.4111459/bin/ninja" "cmTC_01d0c"
[1/2] Building CXX object CMakeFiles/cmTC_01d0c.dir/feature_tests.cxx.o
[2/2] Linking CXX executable cmTC_01d0c


    Feature record: CXX_FEATURE:0cxx_aggregate_default_initializers
    Feature record: CXX_FEATURE:1cxx_alias_templates
    Feature record: CXX_FEATURE:1cxx_alignas
    Feature record: CXX_FEATURE:1cxx_alignof
    Feature record: CXX_FEATURE:1cxx_attributes
    Feature record: CXX_FEATURE:0cxx_attribute_deprecated
    Feature record: CXX_FEATURE:1cxx_auto_type
    Feature record: CXX_FEATURE:0cxx_binary_literals
    Feature record: CXX_FEATURE:1cxx_constexpr
    Feature record: CXX_FEATURE:0cxx_contextual_conversions
    Feature record: CXX_FEATURE:1cxx_decltype
    Feature record: CXX_FEATURE:0cxx_decltype_auto
    Feature record: CXX_FEATURE:1cxx_decltype_incomplete_return_types
    Feature record: CXX_FEATURE:1cxx_default_function_template_args
    Feature record: CXX_FEATURE:1cxx_defaulted_functions
    Feature record: CXX_FEATURE:1cxx_defaulted_move_initializers
    Feature record: CXX_FEATURE:1cxx_delegating_constructors
    Feature record: CXX_FEATURE:1cxx_deleted_functions
    Feature record: CXX_FEATURE:0cxx_digit_separators
    Feature record: CXX_FEATURE:1cxx_enum_forward_declarations
    Feature record: CXX_FEATURE:1cxx_explicit_conversions
    Feature record: CXX_FEATURE:1cxx_extended_friend_declarations
    Feature record: CXX_FEATURE:1cxx_extern_templates
    Feature record: CXX_FEATURE:1cxx_final
    Feature record: CXX_FEATURE:1cxx_func_identifier
    Feature record: CXX_FEATURE:1cxx_generalized_initializers
    Feature record: CXX_FEATURE:0cxx_generic_lambdas
    Feature record: CXX_FEATURE:1cxx_inheriting_constructors
    Feature record: CXX_FEATURE:1cxx_inline_namespaces
    Feature record: CXX_FEATURE:1cxx_lambdas
    Feature record: CXX_FEATURE:0cxx_lambda_init_captures
    Feature record: CXX_FEATURE:1cxx_local_type_template_args
    Feature record: CXX_FEATURE:1cxx_long_long_type
    Feature record: CXX_FEATURE:1cxx_noexcept
    Feature record: CXX_FEATURE:1cxx_nonstatic_member_init
    Feature record: CXX_FEATURE:1cxx_nullptr
    Feature record: CXX_FEATURE:1cxx_override
    Feature record: CXX_FEATURE:1cxx_range_for
    Feature record: CXX_FEATURE:1cxx_raw_string_literals
    Feature record: CXX_FEATURE:1cxx_reference_qualified_functions
    Feature record: CXX_FEATURE:0cxx_relaxed_constexpr
    Feature record: CXX_FEATURE:0cxx_return_type_deduction
    Feature record: CXX_FEATURE:1cxx_right_angle_brackets
    Feature record: CXX_FEATURE:1cxx_rvalue_references
    Feature record: CXX_FEATURE:1cxx_sizeof_member
    Feature record: CXX_FEATURE:1cxx_static_assert
    Feature record: CXX_FEATURE:1cxx_strong_enums
    Feature record: CXX_FEATURE:1cxx_template_template_parameters
    Feature record: CXX_FEATURE:1cxx_thread_local
    Feature record: CXX_FEATURE:1cxx_trailing_return_types
    Feature record: CXX_FEATURE:1cxx_unicode_literals
    Feature record: CXX_FEATURE:1cxx_uniform_initialization
    Feature record: CXX_FEATURE:1cxx_unrestricted_unions
    Feature record: CXX_FEATURE:1cxx_user_literals
    Feature record: CXX_FEATURE:0cxx_variable_templates
    Feature record: CXX_FEATURE:1cxx_variadic_macros
    Feature record: CXX_FEATURE:1cxx_variadic_templates


Detecting CXX [-std=c++98] compiler features compiled with the following output:
Change Dir: /Users/wenen_dev/Documents/Klooni1010/android/.externalNativeBuild/cmake/release/armeabi-v7a/CMakeFiles/CMakeTmp

Run Build Command:"/Volumes/SDK/Android/sdk/cmake/3.6.4111459/bin/ninja" "cmTC_a1a27"
[1/2] Building CXX object CMakeFiles/cmTC_a1a27.dir/feature_tests.cxx.o
[2/2] Linking CXX executable cmTC_a1a27


    Feature record: CXX_FEATURE:0cxx_aggregate_default_initializers
    Feature record: CXX_FEATURE:0cxx_alias_templates
    Feature record: CXX_FEATURE:0cxx_alignas
    Feature record: CXX_FEATURE:0cxx_alignof
    Feature record: CXX_FEATURE:0cxx_attributes
    Feature record: CXX_FEATURE:0cxx_attribute_deprecated
    Feature record: CXX_FEATURE:0cxx_auto_type
    Feature record: CXX_FEATURE:0cxx_binary_literals
    Feature record: CXX_FEATURE:0cxx_constexpr
    Feature record: CXX_FEATURE:0cxx_contextual_conversions
    Feature record: CXX_FEATURE:0cxx_decltype
    Feature record: CXX_FEATURE:0cxx_decltype_auto
    Feature record: CXX_FEATURE:0cxx_decltype_incomplete_return_types
    Feature record: CXX_FEATURE:0cxx_default_function_template_args
    Feature record: CXX_FEATURE:0cxx_defaulted_functions
    Feature record: CXX_FEATURE:0cxx_defaulted_move_initializers
    Feature record: CXX_FEATURE:0cxx_delegating_constructors
    Feature record: CXX_FEATURE:0cxx_deleted_functions
    Feature record: CXX_FEATURE:0cxx_digit_separators
    Feature record: CXX_FEATURE:0cxx_enum_forward_declarations
    Feature record: CXX_FEATURE:0cxx_explicit_conversions
    Feature record: CXX_FEATURE:0cxx_extended_friend_declarations
    Feature record: CXX_FEATURE:0cxx_extern_templates
    Feature record: CXX_FEATURE:0cxx_final
    Feature record: CXX_FEATURE:0cxx_func_identifier
    Feature record: CXX_FEATURE:0cxx_generalized_initializers
    Feature record: CXX_FEATURE:0cxx_generic_lambdas
    Feature record: CXX_FEATURE:0cxx_inheriting_constructors
    Feature record: CXX_FEATURE:0cxx_inline_namespaces
    Feature record: CXX_FEATURE:0cxx_lambdas
    Feature record: CXX_FEATURE:0cxx_lambda_init_captures
    Feature record: CXX_FEATURE:0cxx_local_type_template_args
    Feature record: CXX_FEATURE:0cxx_long_long_type
    Feature record: CXX_FEATURE:0cxx_noexcept
    Feature record: CXX_FEATURE:0cxx_nonstatic_member_init
    Feature record: CXX_FEATURE:0cxx_nullptr
    Feature record: CXX_FEATURE:0cxx_override
    Feature record: CXX_FEATURE:0cxx_range_for
    Feature record: CXX_FEATURE:0cxx_raw_string_literals
    Feature record: CXX_FEATURE:0cxx_reference_qualified_functions
    Feature record: CXX_FEATURE:0cxx_relaxed_constexpr
    Feature record: CXX_FEATURE:0cxx_return_type_deduction
    Feature record: CXX_FEATURE:0cxx_right_angle_brackets
    Feature record: CXX_FEATURE:0cxx_rvalue_references
    Feature record: CXX_FEATURE:0cxx_sizeof_member
    Feature record: CXX_FEATURE:0cxx_static_assert
    Feature record: CXX_FEATURE:0cxx_strong_enums
    Feature record: CXX_FEATURE:1cxx_template_template_parameters
    Feature record: CXX_FEATURE:0cxx_thread_local
    Feature record: CXX_FEATURE:0cxx_trailing_return_types
    Feature record: CXX_FEATURE:0cxx_unicode_literals
    Feature record: CXX_FEATURE:0cxx_uniform_initialization
    Feature record: CXX_FEATURE:0cxx_unrestricted_unions
    Feature record: CXX_FEATURE:0cxx_user_literals
    Feature record: CXX_FEATURE:0cxx_variable_templates
    Feature record: CXX_FEATURE:0cxx_variadic_macros
    Feature record: CXX_FEATURE:0cxx_variadic_templates
